<?xml version="1.0" encoding="UTF-8"?>
<!-- Generated by org.testng.reporters.JUnitReportReporter -->
<testsuite skipped="0" hostname="DESKTOP-4CISUA7" name="CodingTask.PrintDictionaryWord.AutomateWebDriver" tests="1" failures="0" timestamp="29 Oct 2020 22:12:16 GMT" time="21.796" errors="0">
  <testcase name="getData" time="21.796" classname="CodingTask.PrintDictionaryWord.AutomateWebDriver"/>
</testsuite> <!-- CodingTask.PrintDictionaryWord.AutomateWebDriver -->
